<?xml version="1.0" encoding="UTF-8"?>
<testsuite xmlns:xsi="http://www.w3.org/2001/XMLSchema-instance" xsi:noNamespaceSchemaLocation="https://maven.apache.org/surefire/maven-surefire-plugin/xsd/surefire-test-report.xsd" name="com.mycompany.app.AppTest" time="0.026" tests="1" errors="0" skipped="0" failures="0">
  <properties>
    <property name="java.specification.version" value="13"/>
    <property name="sun.jnu.encoding" value="UTF-8"/>
    <property name="java.class.path" value="/Users/gsnyder/Projects/workflow-demo/sample-app/my-app/target/test-classes:/Users/gsnyder/Projects/workflow-demo/sample-app/my-app/target/classes:/Users/gsnyder/.m2/repository/junit/junit/4.11/junit-4.11.jar:/Users/gsnyder/.m2/repository/org/hamcrest/hamcrest-core/1.3/hamcrest-core-1.3.jar:/Users/gsnyder/.m2/repository/org/apache/struts/struts2-core/2.5.8/struts2-core-2.5.8.jar:/Users/gsnyder/.m2/repository/org/freemarker/freemarker/2.3.23/freemarker-2.3.23.jar:/Users/gsnyder/.m2/repository/ognl/ognl/3.1.12/ognl-3.1.12.jar:/Users/gsnyder/.m2/repository/org/javassist/javassist/3.20.0-GA/javassist-3.20.0-GA.jar:/Users/gsnyder/.m2/repository/org/apache/logging/log4j/log4j-api/2.7/log4j-api-2.7.jar:/Users/gsnyder/.m2/repository/commons-fileupload/commons-fileupload/1.3.2/commons-fileupload-1.3.2.jar:/Users/gsnyder/.m2/repository/commons-io/commons-io/2.4/commons-io-2.4.jar:/Users/gsnyder/.m2/repository/org/apache/commons/commons-lang3/3.4/commons-lang3-3.4.jar:/Users/gsnyder/.m2/repository/javax/servlet/javax.servlet-api/3.1.0/javax.servlet-api-3.1.0.jar:/Users/gsnyder/.m2/repository/net/sourceforge/jwebunit/jwebunit-core/1.4.1/jwebunit-core-1.4.1.jar:/Users/gsnyder/.m2/repository/regexp/regexp/1.3/regexp-1.3.jar:/Users/gsnyder/.m2/repository/javax/servlet/servlet-api/2.4/servlet-api-2.4.jar:/Users/gsnyder/.m2/repository/org/apache/logging/log4j/log4j-core/2.11.1/log4j-core-2.11.1.jar:"/>
    <property name="java.vm.vendor" value="Oracle Corporation"/>
    <property name="sun.arch.data.model" value="64"/>
    <property name="java.vendor.url" value="https://openjdk.java.net/"/>
    <property name="os.name" value="Mac OS X"/>
    <property name="java.vm.specification.version" value="13"/>
    <property name="sun.java.launcher" value="SUN_STANDARD"/>
    <property name="user.country" value="US"/>
    <property name="sun.boot.library.path" value="/usr/local/Cellar/openjdk/13.0.2+8_2/libexec/openjdk.jdk/Contents/Home/lib"/>
    <property name="sun.java.command" value="/Users/gsnyder/Projects/workflow-demo/sample-app/my-app/target/surefire/surefirebooter14291693325313650943.jar /Users/gsnyder/Projects/workflow-demo/sample-app/my-app/target/surefire 2020-07-27T13-14-11_036-jvmRun1 surefire11929934581382409160tmp surefire_017073354447271963936tmp"/>
    <property name="http.nonProxyHosts" value="local|*.local|169.254/16|*.169.254/16"/>
    <property name="jdk.debug" value="release"/>
    <property name="surefire.test.class.path" value="/Users/gsnyder/Projects/workflow-demo/sample-app/my-app/target/test-classes:/Users/gsnyder/Projects/workflow-demo/sample-app/my-app/target/classes:/Users/gsnyder/.m2/repository/junit/junit/4.11/junit-4.11.jar:/Users/gsnyder/.m2/repository/org/hamcrest/hamcrest-core/1.3/hamcrest-core-1.3.jar:/Users/gsnyder/.m2/repository/org/apache/struts/struts2-core/2.5.8/struts2-core-2.5.8.jar:/Users/gsnyder/.m2/repository/org/freemarker/freemarker/2.3.23/freemarker-2.3.23.jar:/Users/gsnyder/.m2/repository/ognl/ognl/3.1.12/ognl-3.1.12.jar:/Users/gsnyder/.m2/repository/org/javassist/javassist/3.20.0-GA/javassist-3.20.0-GA.jar:/Users/gsnyder/.m2/repository/org/apache/logging/log4j/log4j-api/2.7/log4j-api-2.7.jar:/Users/gsnyder/.m2/repository/commons-fileupload/commons-fileupload/1.3.2/commons-fileupload-1.3.2.jar:/Users/gsnyder/.m2/repository/commons-io/commons-io/2.4/commons-io-2.4.jar:/Users/gsnyder/.m2/repository/org/apache/commons/commons-lang3/3.4/commons-lang3-3.4.jar:/Users/gsnyder/.m2/repository/javax/servlet/javax.servlet-api/3.1.0/javax.servlet-api-3.1.0.jar:/Users/gsnyder/.m2/repository/net/sourceforge/jwebunit/jwebunit-core/1.4.1/jwebunit-core-1.4.1.jar:/Users/gsnyder/.m2/repository/regexp/regexp/1.3/regexp-1.3.jar:/Users/gsnyder/.m2/repository/javax/servlet/servlet-api/2.4/servlet-api-2.4.jar:/Users/gsnyder/.m2/repository/org/apache/logging/log4j/log4j-core/2.11.1/log4j-core-2.11.1.jar:"/>
    <property name="sun.cpu.endian" value="little"/>
    <property name="user.home" value="/Users/gsnyder"/>
    <property name="user.language" value="en"/>
    <property name="java.specification.vendor" value="Oracle Corporation"/>
    <property name="java.version.date" value="2020-01-14"/>
    <property name="java.home" value="/usr/local/Cellar/openjdk/13.0.2+8_2/libexec/openjdk.jdk/Contents/Home"/>
    <property name="file.separator" value="/"/>
    <property name="basedir" value="/Users/gsnyder/Projects/workflow-demo/sample-app/my-app"/>
    <property name="java.vm.compressedOopsMode" value="Zero based"/>
    <property name="line.separator" value="&#10;"/>
    <property name="java.specification.name" value="Java Platform API Specification"/>
    <property name="java.vm.specification.vendor" value="Oracle Corporation"/>
    <property name="surefire.real.class.path" value="/Users/gsnyder/Projects/workflow-demo/sample-app/my-app/target/surefire/surefirebooter14291693325313650943.jar"/>
    <property name="sun.management.compiler" value="HotSpot 64-Bit Tiered Compilers"/>
    <property name="ftp.nonProxyHosts" value="local|*.local|169.254/16|*.169.254/16"/>
    <property name="java.runtime.version" value="13.0.2+8"/>
    <property name="user.name" value="gsnyder"/>
    <property name="path.separator" value=":"/>
    <property name="os.version" value="10.14.6"/>
    <property name="java.runtime.name" value="OpenJDK Runtime Environment"/>
    <property name="file.encoding" value="UTF-8"/>
    <property name="java.vm.name" value="OpenJDK 64-Bit Server VM"/>
    <property name="localRepository" value="/Users/gsnyder/.m2/repository"/>
    <property name="java.vendor.url.bug" value="https://bugreport.java.com/bugreport/"/>
    <property name="java.io.tmpdir" value="/var/folders/5s/vbns32t95s537b_43zrzw79r0000gn/T/"/>
    <property name="java.version" value="13.0.2"/>
    <property name="user.dir" value="/Users/gsnyder/Projects/workflow-demo/sample-app/my-app"/>
    <property name="os.arch" value="x86_64"/>
    <property name="java.vm.specification.name" value="Java Virtual Machine Specification"/>
    <property name="java.library.path" value="/Users/gsnyder/Library/Java/Extensions:/Library/Java/Extensions:/Network/Library/Java/Extensions:/System/Library/Java/Extensions:/usr/lib/java:."/>
    <property name="java.vm.info" value="mixed mode, sharing"/>
    <property name="java.vendor" value="N/A"/>
    <property name="java.vm.version" value="13.0.2+8"/>
    <property name="sun.io.unicode.encoding" value="UnicodeBig"/>
    <property name="socksNonProxyHosts" value="local|*.local|169.254/16|*.169.254/16"/>
    <property name="java.class.version" value="57.0"/>
  </properties>
  <testcase name="shouldAnswerWithTrue" classname="com.mycompany.app.AppTest" time="0.001"/>
</testsuite>